<?xml version="1.0" encoding="UTF-8"?>
<!-- Generated by org.testng.reporters.JUnitXMLReporter -->
<testsuite hostname="piyush.ghildiyal" ignored="0" name="Default test" tests="8" failures="0" timestamp="04 Mar 2019 13:54:19 GMT" time="2.251" errors="0">
  <testcase name="verifyHeading" time="0.047" classname="test.TestCasesOfBasicTatoc"/>
  <testcase name="verifyHomepageTitle" time="0.032" classname="test.TestCasesOfBasicTatoc"/>
  <testcase name="verifyLinkAdvance" time="0.134" classname="test.TestCasesOfBasicTatoc"/>
  <testcase name="verifyLinkBasic" time="0.13" classname="test.TestCasesOfBasicTatoc"/>
  <testcase name="verifyLinkEmail" time="0.055" classname="test.TestCasesOfBasicTatoc"/>
  <testcase name="verifyNumberOfLink" time="0.017" classname="test.TestCasesOfBasicTatoc"/>
  <testcase name="verifySubtextOfTitle" time="0.043" classname="test.TestCasesOfBasicTatoc"/>
  <testcase name="verifyWindowTitle" time="0.009" classname="test.TestCasesOfBasicTatoc"/>
</testsuite> <!-- Default test -->
